TN:
SF:bigSum.js
FN:1,bigSum
FNF:1
FNH:1
FNDA:1,bigSum
DA:3,1
DA:5,1
DA:6,5
DA:9,1
LF:4
LH:4
BRF:0
BRH:0
end_of_record
TN:
SF:fizzBuzz.js
FN:1,fizzBuzz
FNF:1
FNH:1
FNDA:1,fizzBuzz
DA:2,1
DA:3,100
DA:4,6
DA:5,94
DA:6,27
DA:7,67
DA:8,14
DA:10,53
LF:8
LH:8
BRDA:3,0,0,6
BRDA:3,0,1,94
BRDA:3,1,0,100
BRDA:3,1,1,33
BRDA:5,2,0,27
BRDA:5,2,1,67
BRDA:7,3,0,14
BRDA:7,3,1,53
BRF:8
BRH:8
end_of_record
TN:
SF:miniMaxSum.js
FN:1,miniMaxSum
FNF:1
FNH:1
FNDA:1,miniMaxSum
DA:3,1
DA:4,1
DA:6,1
DA:7,5
DA:15,1
LF:5
LH:5
BRF:0
BRH:0
end_of_record
TN:
SF:palindrome.js
FN:1,palindrome
FNF:1
FNH:1
FNDA:22,palindrome
DA:25,22
DA:26,16
DA:27,2
DA:29,14
DA:32,6
LF:5
LH:5
BRDA:1,0,0,8
BRDA:25,1,0,16
BRDA:25,1,1,6
BRDA:26,2,0,2
BRDA:26,2,1,14
BRF:5
BRH:5
end_of_record
TN:
SF:plusMinus.js
FN:1,plusMinus
FNF:1
FNH:1
FNDA:1,plusMinus
DA:3,1
DA:4,1
DA:5,1
DA:7,1
DA:8,6
DA:9,3
DA:10,3
DA:11,1
DA:13,2
DA:17,1
DA:23,1
LF:11
LH:11
BRDA:8,0,0,3
BRDA:8,0,1,3
BRDA:10,1,0,1
BRDA:10,1,1,2
BRF:4
BRH:4
end_of_record
TN:
SF:reverseNum.js
FN:1,reverseNum
FNF:1
FNH:1
FNDA:12,reverseNum
DA:2,12
DA:3,12
DA:5,12
DA:7,24
DA:10,24
DA:16,12
DA:18,24
DA:21,24
DA:27,12
DA:28,48
DA:30,48
DA:31,36
DA:33,12
DA:37,12
LF:14
LH:14
BRDA:30,0,0,36
BRDA:30,0,1,12
BRF:2
BRH:2
end_of_record
TN:
SF:set.js
FN:1,set
FN:6,(anonymous_1)
FN:15,(anonymous_2)
FN:23,(anonymous_3)
FNF:4
FNH:4
FNDA:3,set
FNDA:9,(anonymous_1)
FNDA:12,(anonymous_2)
FNDA:4,(anonymous_3)
DA:2,3
DA:3,3
DA:5,3
DA:7,9
DA:8,3
DA:10,6
DA:11,6
DA:12,6
DA:16,12
DA:17,12
DA:18,5
DA:21,7
DA:24,4
LF:13
LH:13
BRDA:7,0,0,3
BRDA:7,0,1,6
BRDA:17,1,0,5
BRDA:17,1,1,7
BRF:4
BRH:4
end_of_record
TN:
SF:staircase.js
FN:1,staircase
FNF:1
FNH:1
FNDA:2,staircase
DA:3,2
DA:5,2
DA:6,12
DA:7,30
DA:10,12
DA:11,42
DA:14,12
DA:17,2
DA:20,1
LF:9
LH:9
BRF:0
BRH:0
end_of_record
TN:
SF:sum.js
FN:1,(anonymous_0)
FNF:1
FNH:1
FNDA:1,(anonymous_0)
DA:1,1
DA:2,1
LF:2
LH:2
BRF:0
BRH:0
end_of_record
